action: GLOB, msg: packaging
cwd: /home/appsec/NYUAPPSEC/spell_checker_web
cmd: /home/appsec/NYUAPPSEC/spell_checker_web/venv/bin/python3 setup.py sdist --formats=zip --dist-dir .tox/dist
running sdist
running egg_info
writing tox_testing_appsec2.egg-info/PKG-INFO
writing dependency_links to tox_testing_appsec2.egg-info/dependency_links.txt
writing top-level names to tox_testing_appsec2.egg-info/top_level.txt
reading manifest file 'tox_testing_appsec2.egg-info/SOURCES.txt'
writing manifest file 'tox_testing_appsec2.egg-info/SOURCES.txt'
warning: sdist: standard file not found: should have one of README, README.rst, README.txt, README.md

running check
warning: check: missing required meta-data: url

warning: check: missing meta-data: either (author and author_email) or (maintainer and maintainer_email) must be supplied

creating tox_testing_appsec2-0.0.1
creating tox_testing_appsec2-0.0.1/app
creating tox_testing_appsec2-0.0.1/tests
creating tox_testing_appsec2-0.0.1/tox_testing_appsec2.egg-info
copying files to tox_testing_appsec2-0.0.1...
copying setup.py -> tox_testing_appsec2-0.0.1
copying app/__init__.py -> tox_testing_appsec2-0.0.1/app
copying app/forms.py -> tox_testing_appsec2-0.0.1/app
copying app/models.py -> tox_testing_appsec2-0.0.1/app
copying app/routes.py -> tox_testing_appsec2-0.0.1/app
copying tests/1_test.py -> tox_testing_appsec2-0.0.1/tests
copying tests/__init__.py -> tox_testing_appsec2-0.0.1/tests
copying tests/conftest.py -> tox_testing_appsec2-0.0.1/tests
copying tests/unit_test.py -> tox_testing_appsec2-0.0.1/tests
copying tox_testing_appsec2.egg-info/PKG-INFO -> tox_testing_appsec2-0.0.1/tox_testing_appsec2.egg-info
copying tox_testing_appsec2.egg-info/SOURCES.txt -> tox_testing_appsec2-0.0.1/tox_testing_appsec2.egg-info
copying tox_testing_appsec2.egg-info/dependency_links.txt -> tox_testing_appsec2-0.0.1/tox_testing_appsec2.egg-info
copying tox_testing_appsec2.egg-info/top_level.txt -> tox_testing_appsec2-0.0.1/tox_testing_appsec2.egg-info
Writing tox_testing_appsec2-0.0.1/setup.cfg
creating '.tox/dist/tox_testing_appsec2-0.0.1.zip' and adding 'tox_testing_appsec2-0.0.1' to it
adding 'tox_testing_appsec2-0.0.1'
adding 'tox_testing_appsec2-0.0.1/app'
adding 'tox_testing_appsec2-0.0.1/tox_testing_appsec2.egg-info'
adding 'tox_testing_appsec2-0.0.1/tests'
adding 'tox_testing_appsec2-0.0.1/setup.cfg'
adding 'tox_testing_appsec2-0.0.1/PKG-INFO'
adding 'tox_testing_appsec2-0.0.1/setup.py'
adding 'tox_testing_appsec2-0.0.1/app/__init__.py'
adding 'tox_testing_appsec2-0.0.1/app/routes.py'
adding 'tox_testing_appsec2-0.0.1/app/forms.py'
adding 'tox_testing_appsec2-0.0.1/app/models.py'
adding 'tox_testing_appsec2-0.0.1/tox_testing_appsec2.egg-info/top_level.txt'
adding 'tox_testing_appsec2-0.0.1/tox_testing_appsec2.egg-info/SOURCES.txt'
adding 'tox_testing_appsec2-0.0.1/tox_testing_appsec2.egg-info/PKG-INFO'
adding 'tox_testing_appsec2-0.0.1/tox_testing_appsec2.egg-info/dependency_links.txt'
adding 'tox_testing_appsec2-0.0.1/tests/1_test.py'
adding 'tox_testing_appsec2-0.0.1/tests/__init__.py'
adding 'tox_testing_appsec2-0.0.1/tests/conftest.py'
adding 'tox_testing_appsec2-0.0.1/tests/unit_test.py'
removing 'tox_testing_appsec2-0.0.1' (and everything under it)
